<?xml version="1.0" encoding="UTF-8"?>
<testsuites name="jest tests" tests="15" failures="1" time="4.722">
  <testsuite name="Creation of resources" errors="0" failures="1" skipped="0" timestamp="2020-02-11T21:57:55" time="2.094" tests="1">
    <testcase classname="Creation of resources Create a new case" name="Creation of resources Create a new case" time="0.124">
      <failure>Error: expect(received).toBe(expected) // Object.is equality

Expected: 201
Received: 400
    at Object.it (/home/adrian/cucumbot/test-objects-api/__tests__/create.test.js:34:33)
    at &lt;anonymous&gt;
    at process._tickCallback (internal/process/next_tick.js:188:7)</failure>
    </testcase>
  </testsuite>
  <testsuite name="List of resources" errors="0" failures="0" skipped="0" timestamp="2020-02-11T21:57:57" time="0.807" tests="5">
    <testcase classname="List of resources List of cases" name="List of resources List of cases" time="0.084">
    </testcase>
    <testcase classname="List of resources List of params" name="List of resources List of params" time="0.044">
    </testcase>
    <testcase classname="List of resources List of phrases" name="List of resources List of phrases" time="0.052">
    </testcase>
    <testcase classname="List of resources List of steps" name="List of resources List of steps" time="0.034">
    </testcase>
    <testcase classname="List of resources List of suites" name="List of resources List of suites" time="0.024">
    </testcase>
  </testsuite>
  <testsuite name="Service is Up !" errors="0" failures="0" skipped="0" timestamp="2020-02-11T21:57:58" time="0.568" tests="6">
    <testcase classname="Service is Up ! Responds on welcome endpoint" name="Service is Up ! Responds on welcome endpoint" time="0.034">
    </testcase>
    <testcase classname="Service is Up ! Responds on cases endpoint" name="Service is Up ! Responds on cases endpoint" time="0.021">
    </testcase>
    <testcase classname="Service is Up ! Responds on params endpoint" name="Service is Up ! Responds on params endpoint" time="0.033">
    </testcase>
    <testcase classname="Service is Up ! Responds on phrases endpoint" name="Service is Up ! Responds on phrases endpoint" time="0.016">
    </testcase>
    <testcase classname="Service is Up ! Responds on steps endpoint" name="Service is Up ! Responds on steps endpoint" time="0.017">
    </testcase>
    <testcase classname="Service is Up ! Responds on suites endpoint" name="Service is Up ! Responds on suites endpoint" time="0.017">
    </testcase>
  </testsuite>
  <testsuite name="Delete resources" errors="0" failures="0" skipped="0" timestamp="2020-02-11T21:57:58" time="0.112" tests="1">
    <testcase classname="Delete resources Should be implemented" name="Delete resources Should be implemented" time="0">
    </testcase>
  </testsuite>
  <testsuite name="Details of resources" errors="0" failures="0" skipped="0" timestamp="2020-02-11T21:57:59" time="0.133" tests="1">
    <testcase classname="Details of resources Should be implemented" name="Details of resources Should be implemented" time="0.001">
    </testcase>
  </testsuite>
  <testsuite name="Update resources" errors="0" failures="0" skipped="0" timestamp="2020-02-11T21:57:59" time="0.15" tests="1">
    <testcase classname="Update resources Should be implemented" name="Update resources Should be implemented" time="0.001">
    </testcase>
  </testsuite>
</testsuites>